<?xml version="1.0" encoding="UTF-8"?>
<!-- Generated by org.testng.reporters.JUnitReportReporter -->
<testsuite hostname="Sulakhe-Family5" failures="0" tests="1" name="runner.runLogin" time="0.165" errors="1" timestamp="2024-07-09T12:59:23 IST" skipped="0">
  <testcase classname="runner.runLogin" name="runScenario" time="0.165">
    <error message="Cannot invoke &quot;org.openqa.selenium.WebDriver.get(String)&quot; because &quot;this.driver&quot; is null" type="java.lang.NullPointerException">
      <![CDATA[java.lang.NullPointerException: Cannot invoke "org.openqa.selenium.WebDriver.get(String)" because "this.driver" is null
at steps.loginFacebook.user_should_open_browser_and_open_facebook_login_page(loginFacebook.java:15)
at ✽.user should open browser and open facebook login page(file:///C:/Users/Asus/Documents/workspace-spring-tool-suite-4-4.22.0.RELEASE/facebookLoginCucumber/src/test/resources/features/login.feature:25)
]]>
    </error>
  </testcase> <!-- runScenario -->
</testsuite> <!-- runner.runLogin -->
