<?xml version="1.0" encoding="UTF-8"?>
<!-- Generated by org.testng.reporters.JUnitXMLReporter -->
<testsuite ignored="0" hostname="Sulakhe-Family5" failures="1" tests="1" name="Default test" time="0.643" errors="0" timestamp="2024-07-09T12:59:23 IST">
  <testcase classname="io.cucumber.testng.AbstractTestNGCucumberTests" name="runScenario" time="0.165">
    <failure type="java.lang.NullPointerException" message="Cannot invoke &amp;quot;org.openqa.selenium.WebDriver.get(String)&amp;quot; because &amp;quot;this.driver&amp;quot; is null">
      <![CDATA[java.lang.NullPointerException: Cannot invoke "org.openqa.selenium.WebDriver.get(String)" because "this.driver" is null
at steps.loginFacebook.user_should_open_browser_and_open_facebook_login_page(loginFacebook.java:15)
at ✽.user should open browser and open facebook login page(file:///C:/Users/Asus/Documents/workspace-spring-tool-suite-4-4.22.0.RELEASE/facebookLoginCucumber/src/test/resources/features/login.feature:25)
]]>
    </failure>
  </testcase> <!-- runScenario -->
</testsuite> <!-- Default test -->
